Using pre-set license
Built from '2020.3/staging' branch; Version is '2020.3.6f1 (338bb68529b2) revision 3378102'; Using compiler version '192528614'; Build Type 'Release'
OS: 'Windows 10 Home; OS build 19043.1415; Version 2009; 64bit' Language: 'ko' Physical Memory: 16023 MB
BatchMode: 1, IsHumanControllingUs: 0, StartBugReporterOnCrash: 0, Is64bit: 1, IsPro: 0

 COMMAND LINE ARGUMENTS:
C:\Program Files\Unity\Hub\Editor\2020.3.6f1\Editor\Unity.exe
-adb2
-batchMode
-noUpm
-name
AssetImportWorker0
-projectPath
C:/Users/kayla/OneDrive/Documents/GitHub/Fish_Game
-logFile
Logs/AssetImportWorker0.log
-srvPort
56159
Successfully changed project path to: C:/Users/kayla/OneDrive/Documents/GitHub/Fish_Game
C:/Users/kayla/OneDrive/Documents/GitHub/Fish_Game
Using Asset Import Pipeline V2.
Refreshing native plugins compatible for Editor in 36.27 ms, found 1 plugins.
Preloading 0 native plugins for Editor in 0.00 ms.
Initialize engine version: 2020.3.6f1 (338bb68529b2)
[Subsystems] Discovering subsystems at path C:/Program Files/Unity/Hub/Editor/2020.3.6f1/Editor/Data/Resources/UnitySubsystems
[Subsystems] Discovering subsystems at path C:/Users/kayla/OneDrive/Documents/GitHub/Fish_Game/Assets
GfxDevice: creating device client; threaded=0
Direct3D:
    Version:  Direct3D 11.0 [level 11.1]
    Renderer: Intel(R) Iris(R) Xe Graphics (ID=0x9a49)
    Vendor:   
    VRAM:     8011 MB
    Driver:   30.0.100.9864
Initialize mono
Mono path[0] = 'C:/Program Files/Unity/Hub/Editor/2020.3.6f1/Editor/Data/Managed'
Mono path[1] = 'C:/Program Files/Unity/Hub/Editor/2020.3.6f1/Editor/Data/MonoBleedingEdge/lib/mono/unityjit'
Mono config path = 'C:/Program Files/Unity/Hub/Editor/2020.3.6f1/Editor/Data/MonoBleedingEdge/etc'
Using monoOptions --debugger-agent=transport=dt_socket,embedding=1,server=y,suspend=n,address=127.0.0.1:56404
Begin MonoManager ReloadAssembly
Registering precompiled unity dll's ...
Register platform support module: C:/Program Files/Unity/Hub/Editor/2020.3.6f1/Editor/Data/PlaybackEngines/WebGLSupport/UnityEditor.WebGL.Extensions.dll
Register platform support module: C:/Program Files/Unity/Hub/Editor/2020.3.6f1/Editor/Data/PlaybackEngines/WindowsStandaloneSupport/UnityEditor.WindowsStandalone.Extensions.dll
Registered in 0.002553 seconds.
Native extension for WindowsStandalone target not found
Native extension for WebGL target not found
Refreshing native plugins compatible for Editor in 27.65 ms, found 1 plugins.
Preloading 0 native plugins for Editor in 0.00 ms.
Mono: successfully reloaded assembly
- Completed reload, in  0.967 seconds
Platform modules already initialized, skipping
Registering precompiled user dll's ...
Registered in 0.001072 seconds.
Begin MonoManager ReloadAssembly
Native extension for WindowsStandalone target not found
Native extension for WebGL target not found
Refreshing native plugins compatible for Editor in 27.48 ms, found 1 plugins.
Preloading 0 native plugins for Editor in 0.00 ms.
Mono: successfully reloaded assembly
- Completed reload, in  0.720 seconds
Platform modules already initialized, skipping
========================================================================
Worker process is ready to serve import requests
Launched and connected shader compiler UnityShaderCompiler.exe after 0.05 seconds
Refreshing native plugins compatible for Editor in 0.30 ms, found 1 plugins.
Preloading 0 native plugins for Editor in 0.00 ms.
Unloading 1819 Unused Serialized files (Serialized files now loaded: 0)
System memory in use before: 85.2 MB.
System memory in use after: 85.1 MB.

Unloading 24 unused Assets to reduce memory usage. Loaded Objects now: 2263.
Total: 1.875400 ms (FindLiveObjects: 0.120700 ms CreateObjectMapping: 0.039300 ms MarkObjects: 1.574500 ms  DeleteObjects: 0.140100 ms)

========================================================================
Received Import Request.
  path: Assets/Scripts/Enemy1.cs
  artifactKey: Guid(e5976819e5486f748a28c13373106611) Importer(815301076,1909f56bfc062723c751e8b465ee728b)
Start importing Assets/Scripts/Enemy1.cs using Guid(e5976819e5486f748a28c13373106611) Importer(815301076,1909f56bfc062723c751e8b465ee728b)  -> (artifact id: '588d2af2de27f3076c23dd3f1bfa62a5') in 0.032686 seconds
  Import took 0.035902 seconds .

========================================================================
Received Import Request.
  Time since last request: 23.907940 seconds.
  path: Assets/Scripts/Enemy1.cs
  artifactKey: Guid(e5976819e5486f748a28c13373106611) Importer(815301076,1909f56bfc062723c751e8b465ee728b)
Start importing Assets/Scripts/Enemy1.cs using Guid(e5976819e5486f748a28c13373106611) Importer(815301076,1909f56bfc062723c751e8b465ee728b)  -> (artifact id: '2b879b24242b1dc925666f23e4b22c05') in 0.003859 seconds
  Import took 0.006415 seconds .

========================================================================
Received Import Request.
  Time since last request: 0.001907 seconds.
  path: Assets/Scripts/Enemy1.cs
  artifactKey: Guid(e5976819e5486f748a28c13373106611) Importer(815301076,1909f56bfc062723c751e8b465ee728b)
Start importing Assets/Scripts/Enemy1.cs using Guid(e5976819e5486f748a28c13373106611) Importer(815301076,1909f56bfc062723c751e8b465ee728b)  -> (artifact id: '2b879b24242b1dc925666f23e4b22c05') in 0.004614 seconds
  Import took 0.007296 seconds .

========================================================================
Received Import Request.
  Time since last request: 2.291631 seconds.
  path: Assets/Scripts/Enemy2.cs
  artifactKey: Guid(483d69cf1914a684f92aa673bc2dd4aa) Importer(815301076,1909f56bfc062723c751e8b465ee728b)
Start importing Assets/Scripts/Enemy2.cs using Guid(483d69cf1914a684f92aa673bc2dd4aa) Importer(815301076,1909f56bfc062723c751e8b465ee728b)  -> (artifact id: '6f67a7e1d553205fb37ff80e97e7c49d') in 0.004731 seconds
  Import took 0.009999 seconds .

========================================================================
Received Import Request.
  Time since last request: 8.863158 seconds.
  path: Assets/Scripts/Enemy2.cs
  artifactKey: Guid(483d69cf1914a684f92aa673bc2dd4aa) Importer(815301076,1909f56bfc062723c751e8b465ee728b)
Start importing Assets/Scripts/Enemy2.cs using Guid(483d69cf1914a684f92aa673bc2dd4aa) Importer(815301076,1909f56bfc062723c751e8b465ee728b)  -> (artifact id: '78ae1586502c1b0f1da310fe678f4822') in 0.004017 seconds
  Import took 0.007199 seconds .

========================================================================
Received Import Request.
  Time since last request: 0.001896 seconds.
  path: Assets/Scripts/Enemy2.cs
  artifactKey: Guid(483d69cf1914a684f92aa673bc2dd4aa) Importer(815301076,1909f56bfc062723c751e8b465ee728b)
Start importing Assets/Scripts/Enemy2.cs using Guid(483d69cf1914a684f92aa673bc2dd4aa) Importer(815301076,1909f56bfc062723c751e8b465ee728b)  -> (artifact id: '78ae1586502c1b0f1da310fe678f4822') in 0.003889 seconds
  Import took 0.007330 seconds .

========================================================================
Received Import Request.
  Time since last request: 0.864854 seconds.
  path: Assets/Scripts/Enemy3.cs
  artifactKey: Guid(234a6402e4d636c4a8bd136c49e9fc47) Importer(815301076,1909f56bfc062723c751e8b465ee728b)
Start importing Assets/Scripts/Enemy3.cs using Guid(234a6402e4d636c4a8bd136c49e9fc47) Importer(815301076,1909f56bfc062723c751e8b465ee728b)  -> (artifact id: 'cbae81d695f5de32b7faceea9477e667') in 0.004265 seconds
  Import took 0.009582 seconds .

========================================================================
Received Import Request.
  Time since last request: 54.896150 seconds.
  path: Assets/Scripts/Enemy3.cs
  artifactKey: Guid(234a6402e4d636c4a8bd136c49e9fc47) Importer(815301076,1909f56bfc062723c751e8b465ee728b)
Start importing Assets/Scripts/Enemy3.cs using Guid(234a6402e4d636c4a8bd136c49e9fc47) Importer(815301076,1909f56bfc062723c751e8b465ee728b)  -> (artifact id: 'f6d2e372af2c098cc8d42c95535f89fc') in 0.003414 seconds
  Import took 0.007052 seconds .

